04-12 17:41:53 com_github_MitjaNemec_PlaceFootprints.action_place_footprints 674:Plugin executed on: 'win32'
04-12 17:41:53 com_github_MitjaNemec_PlaceFootprints.action_place_footprints 675:Plugin executed with python version: '3.11.5 (main, Sep 17 2025, 01:04:48) [MSC v.1944 64 bit (AMD64)]'
04-12 17:41:53 com_github_MitjaNemec_PlaceFootprints.action_place_footprints 676:KiCad build version: 9.0.6
04-12 17:41:53 com_github_MitjaNemec_PlaceFootprints.action_place_footprints 677:Plugin version: 4.0.1
04-12 17:41:53 com_github_MitjaNemec_PlaceFootprints.action_place_footprints 678:Frame repr: <wx._core.Frame object at 0x0000029928EC2680>
04-12 17:41:53 com_github_MitjaNemec_PlaceFootprints.place_footprints 121:getting a list of all footprints on board
04-12 17:41:53 com_github_MitjaNemec_PlaceFootprints.place_footprints 156:Footprint H1 on root level
04-12 17:41:53 com_github_MitjaNemec_PlaceFootprints.place_footprints 156:Footprint H2 on root level
04-12 17:41:53 com_github_MitjaNemec_PlaceFootprints.place_footprints 156:Footprint H3 on root level
04-12 17:41:53 com_github_MitjaNemec_PlaceFootprints.place_footprints 156:Footprint H4 on root level
04-12 17:41:53 com_github_MitjaNemec_PlaceFootprints.action_place_footprints 717:Reference footprint='Q12'
04-12 17:41:54 com_github_MitjaNemec_PlaceFootprints.action_place_footprints 858:Reference designator is: Q
04-12 17:41:54 com_github_MitjaNemec_PlaceFootprints.action_place_footprints 859:Reference number is: 12
04-12 17:41:54 com_github_MitjaNemec_PlaceFootprints.action_place_footprints 891:Sorted and filtered list:
['Q7', 'Q8', 'Q9', 'Q10', 'Q11', 'Q12']
04-12 17:41:55 com_github_MitjaNemec_PlaceFootprints.action_place_footprints 376:wx.Colour(240, 240, 240, 255)
04-12 17:41:56 com_github_MitjaNemec_PlaceFootprints.action_place_footprints 507:'10'
04-12 17:41:56 com_github_MitjaNemec_PlaceFootprints.action_place_footprints 553:Preparing config for reference linear
04-12 17:41:56 com_github_MitjaNemec_PlaceFootprints.action_place_footprints 573:Saving config file
04-12 17:41:56 com_github_MitjaNemec_PlaceFootprints.action_place_footprints 575:Saved the config file
04-12 17:41:56 com_github_MitjaNemec_PlaceFootprints.action_place_footprints 929:Footprints to place:
['Q7', 'Q8', 'Q9', 'Q10', 'Q11', 'Q12']
04-12 17:41:56 com_github_MitjaNemec_PlaceFootprints.place_footprints 396:Starting placing with linear layout
04-12 17:41:56 com_github_MitjaNemec_PlaceFootprints.action_place_footprints 970:Placing complete
